<?xml version="1.0" encoding="UTF-8"?>
<coverage generated="1768346370570" clover="3.2.0">
  <project timestamp="1768346370570" name="All files">
    <metrics statements="267" coveredstatements="253" conditionals="59" coveredconditionals="43" methods="50" coveredmethods="46" elements="376" coveredelements="342" complexity="0" loc="267" ncloc="267" packages="8" files="18" classes="18"/>
    <package name="src">
      <metrics statements="19" coveredstatements="17" conditionals="0" coveredconditionals="0" methods="3" coveredmethods="1"/>
      <file name="app.ts" path="/home/danimerida2000/Documents/Mérida Consulting/agents/example2/src/app.ts">
        <metrics statements="19" coveredstatements="17" conditionals="0" coveredconditionals="0" methods="3" coveredmethods="1"/>
        <line num="6" count="1" type="stmt"/>
        <line num="8" count="1" type="stmt"/>
        <line num="9" count="1" type="stmt"/>
        <line num="10" count="1" type="stmt"/>
        <line num="11" count="1" type="stmt"/>
        <line num="16" count="1" type="stmt"/>
        <line num="17" count="1" type="stmt"/>
        <line num="20" count="1" type="stmt"/>
        <line num="21" count="1" type="stmt"/>
        <line num="24" count="1" type="stmt"/>
        <line num="25" count="0" type="stmt"/>
        <line num="29" count="1" type="stmt"/>
        <line num="30" count="1" type="stmt"/>
        <line num="31" count="1" type="stmt"/>
        <line num="34" count="1" type="stmt"/>
        <line num="37" count="1" type="stmt"/>
        <line num="40" count="1" type="stmt"/>
        <line num="41" count="0" type="stmt"/>
        <line num="48" count="1" type="stmt"/>
      </file>
    </package>
    <package name="src.middleware">
      <metrics statements="53" coveredstatements="51" conditionals="13" coveredconditionals="10" methods="5" coveredmethods="5"/>
      <file name="auth.middleware.ts" path="/home/danimerida2000/Documents/Mérida Consulting/agents/example2/src/middleware/auth.middleware.ts">
        <metrics statements="32" coveredstatements="30" conditionals="9" coveredconditionals="6" methods="2" coveredmethods="2"/>
        <line num="9" count="3" type="stmt"/>
        <line num="19" count="3" type="cond" truecount="1" falsecount="0"/>
        <line num="20" count="1" type="stmt"/>
        <line num="21" count="1" type="stmt"/>
        <line num="25" count="2" type="stmt"/>
        <line num="26" count="2" type="stmt"/>
        <line num="27" count="2" type="stmt"/>
        <line num="28" count="0" type="cond" truecount="0" falsecount="3"/>
        <line num="29" count="0" type="stmt"/>
        <line num="35" count="2" type="stmt"/>
        <line num="42" count="3" type="stmt"/>
        <line num="47" count="7" type="stmt"/>
        <line num="48" count="7" type="stmt"/>
        <line num="50" count="7" type="stmt"/>
        <line num="52" count="7" type="cond" truecount="1" falsecount="0"/>
        <line num="53" count="2" type="stmt"/>
        <line num="54" count="2" type="stmt"/>
        <line num="59" count="2" type="stmt"/>
        <line num="62" count="5" type="stmt"/>
        <line num="63" count="5" type="cond" truecount="3" falsecount="0"/>
        <line num="64" count="2" type="stmt"/>
        <line num="65" count="2" type="stmt"/>
        <line num="70" count="2" type="stmt"/>
        <line num="73" count="3" type="stmt"/>
        <line num="74" count="3" type="stmt"/>
        <line num="76" count="3" type="cond" truecount="1" falsecount="0"/>
        <line num="77" count="2" type="stmt"/>
        <line num="78" count="2" type="stmt"/>
        <line num="83" count="2" type="stmt"/>
        <line num="87" count="1" type="stmt"/>
        <line num="92" count="1" type="stmt"/>
        <line num="93" count="1" type="stmt"/>
      </file>
      <file name="error.middleware.ts" path="/home/danimerida2000/Documents/Mérida Consulting/agents/example2/src/middleware/error.middleware.ts">
        <metrics statements="19" coveredstatements="19" conditionals="4" coveredconditionals="4" methods="3" coveredmethods="3"/>
        <line num="7" count="4" type="stmt"/>
        <line num="8" count="4" type="stmt"/>
        <line num="9" count="4" type="stmt"/>
        <line num="15" count="1" type="stmt"/>
        <line num="21" count="4" type="stmt"/>
        <line num="27" count="8" type="cond" truecount="2" falsecount="0"/>
        <line num="30" count="8" type="cond" truecount="1" falsecount="0"/>
        <line num="31" count="1" type="stmt"/>
        <line num="37" count="1" type="stmt"/>
        <line num="38" count="1" type="stmt"/>
        <line num="39" count="1" type="stmt"/>
        <line num="43" count="7" type="cond" truecount="1" falsecount="0"/>
        <line num="44" count="5" type="stmt"/>
        <line num="50" count="5" type="stmt"/>
        <line num="51" count="5" type="stmt"/>
        <line num="52" count="5" type="stmt"/>
        <line num="56" count="2" type="stmt"/>
        <line num="57" count="2" type="stmt"/>
        <line num="62" count="2" type="stmt"/>
      </file>
      <file name="index.ts" path="/home/danimerida2000/Documents/Mérida Consulting/agents/example2/src/middleware/index.ts">
        <metrics statements="2" coveredstatements="2" conditionals="0" coveredconditionals="0" methods="0" coveredmethods="0"/>
        <line num="1" count="3" type="stmt"/>
        <line num="2" count="3" type="stmt"/>
      </file>
    </package>
    <package name="src.repository">
      <metrics statements="53" coveredstatements="52" conditionals="25" coveredconditionals="22" methods="11" coveredmethods="11"/>
      <file name="index.ts" path="/home/danimerida2000/Documents/Mérida Consulting/agents/example2/src/repository/index.ts">
        <metrics statements="1" coveredstatements="1" conditionals="0" coveredconditionals="0" methods="0" coveredmethods="0"/>
        <line num="1" count="4" type="stmt"/>
      </file>
      <file name="task.repository.ts" path="/home/danimerida2000/Documents/Mérida Consulting/agents/example2/src/repository/task.repository.ts">
        <metrics statements="52" coveredstatements="51" conditionals="25" coveredconditionals="22" methods="11" coveredmethods="11"/>
        <line num="8" count="4" type="stmt"/>
        <line num="14" count="606" type="stmt"/>
        <line num="44" count="4" type="stmt"/>
        <line num="45" count="49" type="stmt"/>
        <line num="52" count="128" type="stmt"/>
        <line num="55" count="128" type="cond" truecount="2" falsecount="0"/>
        <line num="56" count="3" type="stmt"/>
        <line num="57" count="125" type="cond" truecount="1" falsecount="0"/>
        <line num="58" count="1" type="stmt"/>
        <line num="62" count="128" type="stmt"/>
        <line num="64" count="128" type="cond" truecount="2" falsecount="0"/>
        <line num="65" count="2" type="stmt"/>
        <line num="66" count="126" type="cond" truecount="2" falsecount="0"/>
        <line num="69" count="1" type="stmt"/>
        <line num="71" count="125" type="stmt"/>
        <line num="74" count="128" type="stmt"/>
        <line num="80" count="128" type="stmt"/>
        <line num="83" count="128" type="cond" truecount="1" falsecount="0"/>
        <line num="84" count="1" type="stmt"/>
        <line num="89" count="4" type="stmt"/>
        <line num="92" count="128" type="stmt"/>
        <line num="100" count="23" type="stmt"/>
        <line num="107" count="23" type="cond" truecount="2" falsecount="0"/>
        <line num="115" count="117" type="cond" truecount="2" falsecount="0"/>
        <line num="117" count="117" type="stmt"/>
        <line num="128" count="117" type="stmt"/>
        <line num="137" count="4" type="stmt"/>
        <line num="138" count="4" type="cond" truecount="1" falsecount="0"/>
        <line num="139" count="2" type="stmt"/>
        <line num="142" count="2" type="stmt"/>
        <line num="144" count="2" type="cond" truecount="1" falsecount="0"/>
        <line num="145" count="2" type="stmt"/>
        <line num="147" count="2" type="cond" truecount="1" falsecount="0"/>
        <line num="148" count="1" type="stmt"/>
        <line num="150" count="2" type="cond" truecount="0" falsecount="1"/>
        <line num="151" count="0" type="cond" truecount="0" falsecount="2"/>
        <line num="153" count="2" type="cond" truecount="1" falsecount="0"/>
        <line num="154" count="1" type="stmt"/>
        <line num="157" count="2" type="stmt"/>
        <line num="162" count="2" type="stmt"/>
        <line num="171" count="3" type="stmt"/>
        <line num="172" count="3" type="cond" truecount="1" falsecount="0"/>
        <line num="173" count="2" type="stmt"/>
        <line num="176" count="1" type="stmt"/>
        <line num="187" count="6" type="stmt"/>
        <line num="188" count="6" type="cond" truecount="1" falsecount="0"/>
        <line num="189" count="2" type="stmt"/>
        <line num="192" count="4" type="stmt"/>
        <line num="199" count="4" type="stmt"/>
        <line num="206" count="1" type="stmt"/>
        <line num="215" count="118" type="stmt"/>
        <line num="220" count="118" type="stmt"/>
      </file>
    </package>
    <package name="src.routes">
      <metrics statements="45" coveredstatements="43" conditionals="0" coveredconditionals="0" methods="8" coveredmethods="8"/>
      <file name="index.ts" path="/home/danimerida2000/Documents/Mérida Consulting/agents/example2/src/routes/index.ts">
        <metrics statements="1" coveredstatements="1" conditionals="0" coveredconditionals="0" methods="0" coveredmethods="0"/>
        <line num="1" count="2" type="stmt"/>
      </file>
      <file name="task.routes.ts" path="/home/danimerida2000/Documents/Mérida Consulting/agents/example2/src/routes/task.routes.ts">
        <metrics statements="44" coveredstatements="42" conditionals="0" coveredconditionals="0" methods="8" coveredmethods="8"/>
        <line num="7" count="2" type="stmt"/>
        <line num="10" count="2" type="stmt"/>
        <line num="18" count="2" type="stmt"/>
        <line num="20" count="50" type="stmt"/>
        <line num="21" count="9" type="stmt"/>
        <line num="27" count="2" type="stmt"/>
        <line num="28" count="10" type="stmt"/>
        <line num="35" count="10" type="stmt"/>
        <line num="36" count="2" type="stmt"/>
        <line num="37" count="2" type="stmt"/>
        <line num="40" count="2" type="stmt"/>
        <line num="45" count="2" type="stmt"/>
        <line num="46" count="2" type="stmt"/>
        <line num="48" count="0" type="stmt"/>
        <line num="57" count="10" type="stmt"/>
        <line num="58" count="2" type="stmt"/>
        <line num="59" count="2" type="stmt"/>
        <line num="62" count="2" type="stmt"/>
        <line num="64" count="1" type="stmt"/>
        <line num="65" count="1" type="stmt"/>
        <line num="67" count="1" type="stmt"/>
        <line num="76" count="10" type="stmt"/>
        <line num="77" count="2" type="stmt"/>
        <line num="78" count="2" type="stmt"/>
        <line num="81" count="2" type="stmt"/>
        <line num="84" count="1" type="stmt"/>
        <line num="86" count="1" type="stmt"/>
        <line num="87" count="1" type="stmt"/>
        <line num="89" count="1" type="stmt"/>
        <line num="98" count="10" type="stmt"/>
        <line num="99" count="1" type="stmt"/>
        <line num="100" count="1" type="stmt"/>
        <line num="103" count="1" type="stmt"/>
        <line num="105" count="1" type="stmt"/>
        <line num="106" count="1" type="stmt"/>
        <line num="108" count="0" type="stmt"/>
        <line num="117" count="10" type="stmt"/>
        <line num="118" count="2" type="stmt"/>
        <line num="119" count="2" type="stmt"/>
        <line num="122" count="2" type="stmt"/>
        <line num="124" count="2" type="stmt"/>
        <line num="125" count="1" type="stmt"/>
        <line num="127" count="1" type="stmt"/>
        <line num="131" count="10" type="stmt"/>
      </file>
    </package>
    <package name="src.services">
      <metrics statements="40" coveredstatements="40" conditionals="5" coveredconditionals="5" methods="7" coveredmethods="7"/>
      <file name="index.ts" path="/home/danimerida2000/Documents/Mérida Consulting/agents/example2/src/services/index.ts">
        <metrics statements="1" coveredstatements="1" conditionals="0" coveredconditionals="0" methods="0" coveredmethods="0"/>
        <line num="1" count="4" type="stmt"/>
      </file>
      <file name="task.service.ts" path="/home/danimerida2000/Documents/Mérida Consulting/agents/example2/src/services/task.service.ts">
        <metrics statements="39" coveredstatements="39" conditionals="5" coveredconditionals="5" methods="7" coveredmethods="7"/>
        <line num="8" count="4" type="stmt"/>
        <line num="18" count="4" type="stmt"/>
        <line num="36" count="486" type="stmt"/>
        <line num="51" count="4" type="stmt"/>
        <line num="52" count="43" type="stmt"/>
        <line num="59" count="123" type="stmt"/>
        <line num="61" count="123" type="stmt"/>
        <line num="62" count="123" type="stmt"/>
        <line num="64" count="123" type="stmt"/>
        <line num="65" count="123" type="stmt"/>
        <line num="67" count="123" type="stmt"/>
        <line num="78" count="116" type="stmt"/>
        <line num="80" count="116" type="stmt"/>
        <line num="82" count="116" type="stmt"/>
        <line num="83" count="116" type="stmt"/>
        <line num="85" count="116" type="stmt"/>
        <line num="93" count="6" type="stmt"/>
        <line num="96" count="6" type="stmt"/>
        <line num="97" count="6" type="cond" truecount="1" falsecount="0"/>
        <line num="98" count="5" type="stmt"/>
        <line num="101" count="1" type="stmt"/>
        <line num="103" count="1" type="stmt"/>
        <line num="104" count="1" type="stmt"/>
        <line num="106" count="1" type="stmt"/>
        <line num="114" count="3" type="stmt"/>
        <line num="117" count="3" type="stmt"/>
        <line num="118" count="3" type="cond" truecount="1" falsecount="0"/>
        <line num="119" count="2" type="stmt"/>
        <line num="122" count="1" type="stmt"/>
        <line num="124" count="1" type="stmt"/>
        <line num="125" count="1" type="stmt"/>
        <line num="133" count="6" type="stmt"/>
        <line num="136" count="6" type="stmt"/>
        <line num="137" count="6" type="cond" truecount="1" falsecount="0"/>
        <line num="138" count="2" type="stmt"/>
        <line num="141" count="4" type="stmt"/>
        <line num="143" count="4" type="stmt"/>
        <line num="144" count="4" type="stmt"/>
        <line num="146" count="4" type="stmt"/>
      </file>
    </package>
    <package name="src.types">
      <metrics statements="25" coveredstatements="25" conditionals="8" coveredconditionals="4" methods="8" coveredmethods="8"/>
      <file name="error.types.ts" path="/home/danimerida2000/Documents/Mérida Consulting/agents/example2/src/types/error.types.ts">
        <metrics statements="18" coveredstatements="18" conditionals="6" coveredconditionals="2" methods="7" coveredmethods="7"/>
        <line num="19" count="8" type="cond" truecount="2" falsecount="0"/>
        <line num="20" count="8" type="stmt"/>
        <line num="21" count="8" type="stmt"/>
        <line num="22" count="8" type="stmt"/>
        <line num="23" count="8" type="stmt"/>
        <line num="24" count="8" type="stmt"/>
        <line num="30" count="8" type="stmt"/>
        <line num="36" count="17" type="stmt"/>
        <line num="37" count="17" type="stmt"/>
        <line num="38" count="17" type="stmt"/>
        <line num="39" count="17" type="stmt"/>
        <line num="40" count="17" type="stmt"/>
        <line num="41" count="17" type="stmt"/>
        <line num="45" count="1" type="stmt"/>
        <line num="49" count="1" type="stmt"/>
        <line num="53" count="2" type="stmt"/>
        <line num="57" count="12" type="stmt"/>
        <line num="61" count="1" type="stmt"/>
      </file>
      <file name="index.ts" path="/home/danimerida2000/Documents/Mérida Consulting/agents/example2/src/types/index.ts">
        <metrics statements="3" coveredstatements="3" conditionals="0" coveredconditionals="0" methods="0" coveredmethods="0"/>
        <line num="4" count="8" type="stmt"/>
        <line num="5" count="8" type="stmt"/>
        <line num="6" count="8" type="stmt"/>
      </file>
      <file name="task.types.ts" path="/home/danimerida2000/Documents/Mérida Consulting/agents/example2/src/types/task.types.ts">
        <metrics statements="4" coveredstatements="4" conditionals="2" coveredconditionals="2" methods="1" coveredmethods="1"/>
        <line num="9" count="8" type="cond" truecount="2" falsecount="0"/>
        <line num="10" count="8" type="stmt"/>
        <line num="11" count="8" type="stmt"/>
        <line num="12" count="8" type="stmt"/>
      </file>
    </package>
    <package name="src.utils">
      <metrics statements="25" coveredstatements="18" conditionals="8" coveredconditionals="2" methods="8" coveredmethods="6"/>
      <file name="db.ts" path="/home/danimerida2000/Documents/Mérida Consulting/agents/example2/src/utils/db.ts">
        <metrics statements="8" coveredstatements="3" conditionals="4" coveredconditionals="0" methods="2" coveredmethods="0"/>
        <line num="6" count="6" type="stmt"/>
        <line num="14" count="6" type="stmt"/>
        <line num="15" count="0" type="cond" truecount="0" falsecount="1"/>
        <line num="16" count="0" type="stmt"/>
        <line num="22" count="0" type="stmt"/>
        <line num="29" count="6" type="stmt"/>
        <line num="30" count="0" type="cond" truecount="0" falsecount="1"/>
        <line num="31" count="0" type="stmt"/>
      </file>
      <file name="index.ts" path="/home/danimerida2000/Documents/Mérida Consulting/agents/example2/src/utils/index.ts">
        <metrics statements="2" coveredstatements="2" conditionals="0" coveredconditionals="0" methods="0" coveredmethods="0"/>
        <line num="1" count="6" type="stmt"/>
        <line num="2" count="6" type="stmt"/>
      </file>
      <file name="logger.ts" path="/home/danimerida2000/Documents/Mérida Consulting/agents/example2/src/utils/logger.ts">
        <metrics statements="15" coveredstatements="13" conditionals="4" coveredconditionals="2" methods="6" coveredmethods="6"/>
        <line num="6" count="6" type="stmt"/>
        <line num="23" count="6" type="stmt"/>
        <line num="33" count="259" type="stmt"/>
        <line num="46" count="6" type="stmt"/>
        <line num="48" count="245" type="stmt"/>
        <line num="50" count="245" type="stmt"/>
        <line num="54" count="12" type="stmt"/>
        <line num="56" count="12" type="stmt"/>
        <line num="60" count="2" type="stmt"/>
        <line num="65" count="2" type="stmt"/>
        <line num="69" count="1" type="cond" truecount="0" falsecount="1"/>
        <line num="70" count="0" type="stmt"/>
        <line num="72" count="0" type="stmt"/>
        <line num="80" count="6" type="stmt"/>
        <line num="81" count="8" type="stmt"/>
      </file>
    </package>
    <package name="src.validation">
      <metrics statements="7" coveredstatements="7" conditionals="0" coveredconditionals="0" methods="0" coveredmethods="0"/>
      <file name="index.ts" path="/home/danimerida2000/Documents/Mérida Consulting/agents/example2/src/validation/index.ts">
        <metrics statements="1" coveredstatements="1" conditionals="0" coveredconditionals="0" methods="0" coveredmethods="0"/>
        <line num="1" count="4" type="stmt"/>
      </file>
      <file name="task.validation.ts" path="/home/danimerida2000/Documents/Mérida Consulting/agents/example2/src/validation/task.validation.ts">
        <metrics statements="6" coveredstatements="6" conditionals="0" coveredconditionals="0" methods="0" coveredmethods="0"/>
        <line num="6" count="4" type="stmt"/>
        <line num="7" count="4" type="stmt"/>
        <line num="13" count="4" type="stmt"/>
        <line num="26" count="4" type="stmt"/>
        <line num="40" count="4" type="stmt"/>
        <line num="48" count="4" type="stmt"/>
      </file>
    </package>
  </project>
</coverage>
