{"/home/danimerida2000/Documents/Mérida Consulting/agents/example2/src/app.ts": {"path":"/home/danimerida2000/Documents/Mérida Consulting/agents/example2/src/app.ts","statementMap":{"0":{"start":{"line":16,"column":0},"end":{"line":16,"column":16}},"1":{"start":{"line":6,"column":0},"end":{"line":6,"column":47}},"2":{"start":{"line":8,"column":0},"end":{"line":8,"column":63}},"3":{"start":{"line":9,"column":0},"end":{"line":9,"column":44}},"4":{"start":{"line":10,"column":0},"end":{"line":10,"column":41}},"5":{"start":{"line":11,"column":0},"end":{"line":11,"column":46}},"6":{"start":{"line":17,"column":14},"end":{"line":17,"column":23}},"7":{"start":{"line":20,"column":2},"end":{"line":20,"column":26}},"8":{"start":{"line":21,"column":2},"end":{"line":21,"column":50}},"9":{"start":{"line":24,"column":2},"end":{"line":26,"column":5}},"10":{"start":{"line":25,"column":4},"end":{"line":25,"column":73}},"11":{"start":{"line":29,"column":25},"end":{"line":29,"column":51}},"12":{"start":{"line":30,"column":22},"end":{"line":30,"column":53}},"13":{"start":{"line":31,"column":21},"end":{"line":31,"column":50}},"14":{"start":{"line":34,"column":2},"end":{"line":34,"column":55}},"15":{"start":{"line":37,"column":2},"end":{"line":37,"column":27}},"16":{"start":{"line":40,"column":2},"end":{"line":46,"column":5}},"17":{"start":{"line":41,"column":4},"end":{"line":45,"column":7}},"18":{"start":{"line":48,"column":2},"end":{"line":48,"column":13}}},"fnMap":{"0":{"name":"createApp","decl":{"start":{"line":16,"column":16},"end":{"line":16,"column":25}},"loc":{"start":{"line":16,"column":46},"end":{"line":49,"column":1}}},"1":{"name":"(anonymous_2)","decl":{"start":{"line":24,"column":21},"end":{"line":24,"column":22}},"loc":{"start":{"line":24,"column":35},"end":{"line":26,"column":3}}},"2":{"name":"(anonymous_3)","decl":{"start":{"line":40,"column":10},"end":{"line":40,"column":11}},"loc":{"start":{"line":40,"column":24},"end":{"line":46,"column":3}}}},"branchMap":{},"s":{"0":1,"1":1,"2":1,"3":1,"4":1,"5":1,"6":1,"7":1,"8":1,"9":1,"10":0,"11":1,"12":1,"13":1,"14":1,"15":1,"16":1,"17":0,"18":1},"f":{"0":1,"1":0,"2":0},"b":{}}
,"/home/danimerida2000/Documents/Mérida Consulting/agents/example2/src/middleware/auth.middleware.ts": {"path":"/home/danimerida2000/Documents/Mérida Consulting/agents/example2/src/middleware/auth.middleware.ts","statementMap":{"0":{"start":{"line":42,"column":0},"end":{"line":42,"column":16}},"1":{"start":{"line":9,"column":0},"end":{"line":9,"column":51}},"2":{"start":{"line":19,"column":2},"end":{"line":22,"column":3}},"3":{"start":{"line":20,"column":19},"end":{"line":20,"column":51}},"4":{"start":{"line":21,"column":4},"end":{"line":21,"column":56}},"5":{"start":{"line":25,"column":2},"end":{"line":33,"column":3}},"6":{"start":{"line":26,"column":20},"end":{"line":26,"column":66}},"7":{"start":{"line":27,"column":20},"end":{"line":27,"column":78}},"8":{"start":{"line":28,"column":4},"end":{"line":30,"column":5}},"9":{"start":{"line":29,"column":6},"end":{"line":29,"column":62}},"10":{"start":{"line":35,"column":2},"end":{"line":35,"column":14}},"11":{"start":{"line":47,"column":18},"end":{"line":47,"column":35}},"12":{"start":{"line":48,"column":3},"end":{"line":48,"column":72}},"13":{"start":{"line":50,"column":21},"end":{"line":50,"column":46}},"14":{"start":{"line":52,"column":2},"end":{"line":60,"column":3}},"15":{"start":{"line":53,"column":4},"end":{"line":53,"column":62}},"16":{"start":{"line":54,"column":4},"end":{"line":58,"column":7}},"17":{"start":{"line":59,"column":4},"end":{"line":59,"column":11}},"18":{"start":{"line":62,"column":16},"end":{"line":62,"column":37}},"19":{"start":{"line":63,"column":2},"end":{"line":71,"column":3}},"20":{"start":{"line":64,"column":4},"end":{"line":64,"column":62}},"21":{"start":{"line":65,"column":4},"end":{"line":69,"column":7}},"22":{"start":{"line":70,"column":4},"end":{"line":70,"column":11}},"23":{"start":{"line":73,"column":16},"end":{"line":73,"column":24}},"24":{"start":{"line":74,"column":18},"end":{"line":74,"column":36}},"25":{"start":{"line":76,"column":2},"end":{"line":84,"column":3}},"26":{"start":{"line":77,"column":4},"end":{"line":77,"column":61}},"27":{"start":{"line":78,"column":4},"end":{"line":82,"column":7}},"28":{"start":{"line":83,"column":4},"end":{"line":83,"column":11}},"29":{"start":{"line":87,"column":3},"end":{"line":90,"column":4}},"30":{"start":{"line":92,"column":2},"end":{"line":92,"column":78}},"31":{"start":{"line":93,"column":2},"end":{"line":93,"column":9}}},"fnMap":{"0":{"name":"verifyToken","decl":{"start":{"line":16,"column":9},"end":{"line":16,"column":20}},"loc":{"start":{"line":16,"column":34},"end":{"line":36,"column":1}}},"1":{"name":"authMiddleware","decl":{"start":{"line":42,"column":16},"end":{"line":42,"column":30}},"loc":{"start":{"line":45,"column":20},"end":{"line":94,"column":1}}}},"branchMap":{"0":{"loc":{"start":{"line":19,"column":2},"end":{"line":22,"column":3}},"type":"if","locations":[{"start":{"line":19,"column":2},"end":{"line":22,"column":3}}]},"1":{"loc":{"start":{"line":28,"column":4},"end":{"line":30,"column":5}},"type":"if","locations":[{"start":{"line":28,"column":4},"end":{"line":30,"column":5}}]},"2":{"loc":{"start":{"line":28,"column":8},"end":{"line":28,"column":39}},"type":"binary-expr","locations":[{"start":{"line":28,"column":8},"end":{"line":28,"column":22}},{"start":{"line":28,"column":26},"end":{"line":28,"column":39}}]},"3":{"loc":{"start":{"line":52,"column":2},"end":{"line":60,"column":3}},"type":"if","locations":[{"start":{"line":52,"column":2},"end":{"line":60,"column":3}}]},"4":{"loc":{"start":{"line":63,"column":2},"end":{"line":71,"column":3}},"type":"if","locations":[{"start":{"line":63,"column":2},"end":{"line":71,"column":3}}]},"5":{"loc":{"start":{"line":63,"column":6},"end":{"line":63,"column":49}},"type":"binary-expr","locations":[{"start":{"line":63,"column":6},"end":{"line":63,"column":24}},{"start":{"line":63,"column":28},"end":{"line":63,"column":49}}]},"6":{"loc":{"start":{"line":76,"column":2},"end":{"line":84,"column":3}},"type":"if","locations":[{"start":{"line":76,"column":2},"end":{"line":84,"column":3}}]}},"s":{"0":3,"1":3,"2":3,"3":1,"4":1,"5":2,"6":2,"7":2,"8":0,"9":0,"10":2,"11":7,"12":7,"13":7,"14":7,"15":2,"16":2,"17":2,"18":5,"19":5,"20":2,"21":2,"22":2,"23":3,"24":3,"25":3,"26":2,"27":2,"28":2,"29":1,"30":1,"31":1},"f":{"0":3,"1":7},"b":{"0":[1],"1":[0],"2":[0,0],"3":[2],"4":[2],"5":[5,5],"6":[2]}}
,"/home/danimerida2000/Documents/Mérida Consulting/agents/example2/src/middleware/error.middleware.ts": {"path":"/home/danimerida2000/Documents/Mérida Consulting/agents/example2/src/middleware/error.middleware.ts","statementMap":{"0":{"start":{"line":21,"column":0},"end":{"line":21,"column":16}},"1":{"start":{"line":7,"column":0},"end":{"line":7,"column":51}},"2":{"start":{"line":8,"column":0},"end":{"line":8,"column":51}},"3":{"start":{"line":9,"column":0},"end":{"line":9,"column":31}},"4":{"start":{"line":15,"column":2},"end":{"line":15,"column":79}},"5":{"start":{"line":15,"column":31},"end":{"line":15,"column":66}},"6":{"start":{"line":27,"column":19},"end":{"line":27,"column":86}},"7":{"start":{"line":30,"column":2},"end":{"line":40,"column":3}},"8":{"start":{"line":31,"column":36},"end":{"line":36,"column":6}},"9":{"start":{"line":37,"column":4},"end":{"line":37,"column":84}},"10":{"start":{"line":38,"column":4},"end":{"line":38,"column":35}},"11":{"start":{"line":39,"column":4},"end":{"line":39,"column":11}},"12":{"start":{"line":43,"column":2},"end":{"line":53,"column":3}},"13":{"start":{"line":44,"column":36},"end":{"line":49,"column":6}},"14":{"start":{"line":50,"column":4},"end":{"line":50,"column":74}},"15":{"start":{"line":51,"column":4},"end":{"line":51,"column":48}},"16":{"start":{"line":52,"column":4},"end":{"line":52,"column":11}},"17":{"start":{"line":56,"column":2},"end":{"line":56,"column":65}},"18":{"start":{"line":57,"column":34},"end":{"line":61,"column":4}},"19":{"start":{"line":62,"column":2},"end":{"line":62,"column":33}}},"fnMap":{"0":{"name":"formatZodError","decl":{"start":{"line":14,"column":9},"end":{"line":14,"column":23}},"loc":{"start":{"line":14,"column":39},"end":{"line":16,"column":1}}},"1":{"name":"(anonymous_1)","decl":{"start":{"line":15,"column":26},"end":{"line":15,"column":27}},"loc":{"start":{"line":15,"column":31},"end":{"line":15,"column":66}}},"2":{"name":"errorMiddleware","decl":{"start":{"line":21,"column":16},"end":{"line":21,"column":31}},"loc":{"start":{"line":25,"column":21},"end":{"line":63,"column":1}}}},"branchMap":{"0":{"loc":{"start":{"line":27,"column":19},"end":{"line":27,"column":86}},"type":"binary-expr","locations":[{"start":{"line":27,"column":19},"end":{"line":27,"column":65}},{"start":{"line":27,"column":69},"end":{"line":27,"column":86}}]},"1":{"loc":{"start":{"line":30,"column":2},"end":{"line":40,"column":3}},"type":"if","locations":[{"start":{"line":30,"column":2},"end":{"line":40,"column":3}}]},"2":{"loc":{"start":{"line":43,"column":2},"end":{"line":53,"column":3}},"type":"if","locations":[{"start":{"line":43,"column":2},"end":{"line":53,"column":3}}]}},"s":{"0":4,"1":4,"2":4,"3":4,"4":1,"5":1,"6":8,"7":8,"8":1,"9":1,"10":1,"11":1,"12":7,"13":5,"14":5,"15":5,"16":5,"17":2,"18":2,"19":2},"f":{"0":1,"1":1,"2":8},"b":{"0":[8,1],"1":[1],"2":[5]}}
,"/home/danimerida2000/Documents/Mérida Consulting/agents/example2/src/middleware/index.ts": {"path":"/home/danimerida2000/Documents/Mérida Consulting/agents/example2/src/middleware/index.ts","statementMap":{"0":{"start":{"line":1,"column":0},"end":{"line":1,"column":34}},"1":{"start":{"line":2,"column":0},"end":{"line":2,"column":35}}},"fnMap":{},"branchMap":{},"s":{"0":3,"1":3},"f":{},"b":{}}
,"/home/danimerida2000/Documents/Mérida Consulting/agents/example2/src/repository/index.ts": {"path":"/home/danimerida2000/Documents/Mérida Consulting/agents/example2/src/repository/index.ts","statementMap":{"0":{"start":{"line":1,"column":0},"end":{"line":1,"column":34}}},"fnMap":{},"branchMap":{},"s":{"0":4},"f":{},"b":{}}
,"/home/danimerida2000/Documents/Mérida Consulting/agents/example2/src/repository/task.repository.ts": {"path":"/home/danimerida2000/Documents/Mérida Consulting/agents/example2/src/repository/task.repository.ts","statementMap":{"0":{"start":{"line":8,"column":0},"end":{"line":8,"column":85}},"1":{"start":{"line":14,"column":2},"end":{"line":24,"column":4}},"2":{"start":{"line":45,"column":31},"end":{"line":45,"column":51}},"3":{"start":{"line":52,"column":41},"end":{"line":52,"column":51}},"4":{"start":{"line":55,"column":4},"end":{"line":59,"column":5}},"5":{"start":{"line":56,"column":6},"end":{"line":56,"column":32}},"6":{"start":{"line":57,"column":11},"end":{"line":59,"column":5}},"7":{"start":{"line":58,"column":6},"end":{"line":58,"column":31}},"8":{"start":{"line":62,"column":57},"end":{"line":62,"column":59}},"9":{"start":{"line":64,"column":4},"end":{"line":72,"column":5}},"10":{"start":{"line":65,"column":6},"end":{"line":65,"column":37}},"11":{"start":{"line":66,"column":11},"end":{"line":72,"column":5}},"12":{"start":{"line":69,"column":6},"end":{"line":69,"column":38}},"13":{"start":{"line":71,"column":6},"end":{"line":71,"column":40}},"14":{"start":{"line":74,"column":18},"end":{"line":78,"column":6}},"15":{"start":{"line":80,"column":17},"end":{"line":80,"column":49}},"16":{"start":{"line":83,"column":4},"end":{"line":90,"column":5}},"17":{"start":{"line":84,"column":54},"end":{"line":88,"column":8}},"18":{"start":{"line":89,"column":6},"end":{"line":89,"column":92}},"19":{"start":{"line":89,"column":37},"end":{"line":89,"column":90}},"20":{"start":{"line":92,"column":4},"end":{"line":92,"column":18}},"21":{"start":{"line":100,"column":17},"end":{"line":105,"column":6}},"22":{"start":{"line":107,"column":4},"end":{"line":107,"column":53}},"23":{"start":{"line":115,"column":25},"end":{"line":115,"column":81}},"24":{"start":{"line":117,"column":17},"end":{"line":126,"column":6}},"25":{"start":{"line":128,"column":4},"end":{"line":128,"column":39}},"26":{"start":{"line":137,"column":21},"end":{"line":137,"column":52}},"27":{"start":{"line":138,"column":4},"end":{"line":140,"column":5}},"28":{"start":{"line":139,"column":6},"end":{"line":139,"column":40}},"29":{"start":{"line":142,"column":47},"end":{"line":142,"column":49}},"30":{"start":{"line":144,"column":4},"end":{"line":146,"column":5}},"31":{"start":{"line":145,"column":6},"end":{"line":145,"column":36}},"32":{"start":{"line":147,"column":4},"end":{"line":149,"column":5}},"33":{"start":{"line":148,"column":6},"end":{"line":148,"column":48}},"34":{"start":{"line":150,"column":4},"end":{"line":152,"column":5}},"35":{"start":{"line":151,"column":6},"end":{"line":151,"column":72}},"36":{"start":{"line":153,"column":4},"end":{"line":155,"column":5}},"37":{"start":{"line":154,"column":6},"end":{"line":154,"column":66}},"38":{"start":{"line":157,"column":17},"end":{"line":160,"column":6}},"39":{"start":{"line":162,"column":4},"end":{"line":162,"column":39}},"40":{"start":{"line":171,"column":21},"end":{"line":171,"column":52}},"41":{"start":{"line":172,"column":4},"end":{"line":174,"column":5}},"42":{"start":{"line":173,"column":6},"end":{"line":173,"column":40}},"43":{"start":{"line":176,"column":4},"end":{"line":178,"column":7}},"44":{"start":{"line":187,"column":21},"end":{"line":187,"column":52}},"45":{"start":{"line":188,"column":4},"end":{"line":190,"column":5}},"46":{"start":{"line":189,"column":6},"end":{"line":189,"column":40}},"47":{"start":{"line":192,"column":17},"end":{"line":197,"column":6}},"48":{"start":{"line":199,"column":4},"end":{"line":199,"column":39}},"49":{"start":{"line":206,"column":4},"end":{"line":208,"column":7}},"50":{"start":{"line":215,"column":20},"end":{"line":219,"column":15}},"51":{"start":{"line":220,"column":4},"end":{"line":220,"column":58}},"52":{"start":{"line":44,"column":0},"end":{"line":44,"column":13}}},"fnMap":{"0":{"name":"mapPrismaTaskToDomain","decl":{"start":{"line":13,"column":9},"end":{"line":13,"column":30}},"loc":{"start":{"line":13,"column":53},"end":{"line":25,"column":1}}},"1":{"name":"(anonymous_1)","decl":{"start":{"line":45,"column":2},"end":{"line":45,"column":31}},"loc":{"start":{"line":45,"column":51},"end":{"line":45,"column":55}}},"2":{"name":"(anonymous_2)","decl":{"start":{"line":51,"column":2},"end":{"line":51,"column":7}},"loc":{"start":{"line":51,"column":58},"end":{"line":93,"column":3}}},"3":{"name":"(anonymous_3)","decl":{"start":{"line":89,"column":27},"end":{"line":89,"column":28}},"loc":{"start":{"line":89,"column":37},"end":{"line":89,"column":90}}},"4":{"name":"(anonymous_4)","decl":{"start":{"line":99,"column":2},"end":{"line":99,"column":7}},"loc":{"start":{"line":99,"column":43},"end":{"line":108,"column":3}}},"5":{"name":"(anonymous_5)","decl":{"start":{"line":114,"column":2},"end":{"line":114,"column":7}},"loc":{"start":{"line":114,"column":50},"end":{"line":129,"column":3}}},"6":{"name":"(anonymous_6)","decl":{"start":{"line":135,"column":2},"end":{"line":135,"column":7}},"loc":{"start":{"line":135,"column":62},"end":{"line":163,"column":3}}},"7":{"name":"(anonymous_7)","decl":{"start":{"line":169,"column":2},"end":{"line":169,"column":7}},"loc":{"start":{"line":169,"column":41},"end":{"line":179,"column":3}}},"8":{"name":"(anonymous_8)","decl":{"start":{"line":185,"column":2},"end":{"line":185,"column":7}},"loc":{"start":{"line":185,"column":49},"end":{"line":200,"column":3}}},"9":{"name":"(anonymous_9)","decl":{"start":{"line":205,"column":2},"end":{"line":205,"column":7}},"loc":{"start":{"line":205,"column":28},"end":{"line":209,"column":3}}},"10":{"name":"(anonymous_10)","decl":{"start":{"line":214,"column":10},"end":{"line":214,"column":27}},"loc":{"start":{"line":214,"column":46},"end":{"line":221,"column":3}}}},"branchMap":{"0":{"loc":{"start":{"line":55,"column":4},"end":{"line":59,"column":5}},"type":"if","locations":[{"start":{"line":55,"column":4},"end":{"line":59,"column":5}},{"start":{"line":57,"column":11},"end":{"line":59,"column":5}}]},"1":{"loc":{"start":{"line":57,"column":11},"end":{"line":59,"column":5}},"type":"if","locations":[{"start":{"line":57,"column":11},"end":{"line":59,"column":5}}]},"2":{"loc":{"start":{"line":64,"column":4},"end":{"line":72,"column":5}},"type":"if","locations":[{"start":{"line":64,"column":4},"end":{"line":72,"column":5}},{"start":{"line":66,"column":11},"end":{"line":72,"column":5}}]},"3":{"loc":{"start":{"line":66,"column":11},"end":{"line":72,"column":5}},"type":"if","locations":[{"start":{"line":66,"column":11},"end":{"line":72,"column":5}},{"start":{"line":70,"column":11},"end":{"line":72,"column":5}}]},"4":{"loc":{"start":{"line":83,"column":4},"end":{"line":90,"column":5}},"type":"if","locations":[{"start":{"line":83,"column":4},"end":{"line":90,"column":5}}]},"5":{"loc":{"start":{"line":107,"column":11},"end":{"line":107,"column":52}},"type":"cond-expr","locations":[{"start":{"line":107,"column":18},"end":{"line":107,"column":45}},{"start":{"line":107,"column":48},"end":{"line":107,"column":52}}]},"6":{"loc":{"start":{"line":115,"column":48},"end":{"line":115,"column":80}},"type":"binary-expr","locations":[{"start":{"line":115,"column":48},"end":{"line":115,"column":61}},{"start":{"line":115,"column":65},"end":{"line":115,"column":80}}]},"7":{"loc":{"start":{"line":121,"column":21},"end":{"line":121,"column":45}},"type":"binary-expr","locations":[{"start":{"line":121,"column":21},"end":{"line":121,"column":37}},{"start":{"line":121,"column":41},"end":{"line":121,"column":45}}]},"8":{"loc":{"start":{"line":122,"column":17},"end":{"line":122,"column":61}},"type":"cond-expr","locations":[{"start":{"line":122,"column":32},"end":{"line":122,"column":54}},{"start":{"line":122,"column":57},"end":{"line":122,"column":61}}]},"9":{"loc":{"start":{"line":138,"column":4},"end":{"line":140,"column":5}},"type":"if","locations":[{"start":{"line":138,"column":4},"end":{"line":140,"column":5}}]},"10":{"loc":{"start":{"line":144,"column":4},"end":{"line":146,"column":5}},"type":"if","locations":[{"start":{"line":144,"column":4},"end":{"line":146,"column":5}}]},"11":{"loc":{"start":{"line":147,"column":4},"end":{"line":149,"column":5}},"type":"if","locations":[{"start":{"line":147,"column":4},"end":{"line":149,"column":5}}]},"12":{"loc":{"start":{"line":150,"column":4},"end":{"line":152,"column":5}},"type":"if","locations":[{"start":{"line":150,"column":4},"end":{"line":152,"column":5}}]},"13":{"loc":{"start":{"line":151,"column":27},"end":{"line":151,"column":71}},"type":"cond-expr","locations":[{"start":{"line":151,"column":42},"end":{"line":151,"column":64}},{"start":{"line":151,"column":67},"end":{"line":151,"column":71}}]},"14":{"loc":{"start":{"line":153,"column":4},"end":{"line":155,"column":5}},"type":"if","locations":[{"start":{"line":153,"column":4},"end":{"line":155,"column":5}}]},"15":{"loc":{"start":{"line":172,"column":4},"end":{"line":174,"column":5}},"type":"if","locations":[{"start":{"line":172,"column":4},"end":{"line":174,"column":5}}]},"16":{"loc":{"start":{"line":188,"column":4},"end":{"line":190,"column":5}},"type":"if","locations":[{"start":{"line":188,"column":4},"end":{"line":190,"column":5}}]}},"s":{"0":4,"1":606,"2":49,"3":128,"4":128,"5":3,"6":125,"7":1,"8":128,"9":128,"10":2,"11":126,"12":1,"13":125,"14":128,"15":128,"16":128,"17":1,"18":1,"19":4,"20":128,"21":23,"22":23,"23":117,"24":117,"25":117,"26":4,"27":4,"28":2,"29":2,"30":2,"31":2,"32":2,"33":1,"34":2,"35":0,"36":2,"37":1,"38":2,"39":2,"40":3,"41":3,"42":2,"43":1,"44":6,"45":6,"46":2,"47":4,"48":4,"49":1,"50":118,"51":118,"52":4},"f":{"0":606,"1":49,"2":128,"3":4,"4":23,"5":117,"6":4,"7":3,"8":6,"9":1,"10":118},"b":{"0":[3,125],"1":[1],"2":[2,126],"3":[1,125],"4":[1],"5":[10,13],"6":[117,105],"7":[117,115],"8":[1,116],"9":[2],"10":[2],"11":[1],"12":[0],"13":[0,0],"14":[1],"15":[2],"16":[2]}}
,"/home/danimerida2000/Documents/Mérida Consulting/agents/example2/src/routes/index.ts": {"path":"/home/danimerida2000/Documents/Mérida Consulting/agents/example2/src/routes/index.ts","statementMap":{"0":{"start":{"line":1,"column":0},"end":{"line":1,"column":30}}},"fnMap":{},"branchMap":{},"s":{"0":2},"f":{},"b":{}}
,"/home/danimerida2000/Documents/Mérida Consulting/agents/example2/src/routes/task.routes.ts": {"path":"/home/danimerida2000/Documents/Mérida Consulting/agents/example2/src/routes/task.routes.ts","statementMap":{"0":{"start":{"line":27,"column":0},"end":{"line":27,"column":16}},"1":{"start":{"line":7,"column":0},"end":{"line":7,"column":66}},"2":{"start":{"line":10,"column":0},"end":{"line":10,"column":null}},"3":{"start":{"line":18,"column":21},"end":{"line":22,"column":1}},"4":{"start":{"line":20,"column":5},"end":{"line":22,"column":1}},"5":{"start":{"line":21,"column":2},"end":{"line":21,"column":33}},"6":{"start":{"line":28,"column":17},"end":{"line":28,"column":25}},"7":{"start":{"line":35,"column":2},"end":{"line":50,"column":6}},"8":{"start":{"line":36,"column":4},"end":{"line":49,"column":5}},"9":{"start":{"line":37,"column":23},"end":{"line":37,"column":50}},"10":{"start":{"line":40,"column":22},"end":{"line":43,"column":8}},"11":{"start":{"line":45,"column":21},"end":{"line":45,"column":69}},"12":{"start":{"line":46,"column":6},"end":{"line":46,"column":23}},"13":{"start":{"line":48,"column":6},"end":{"line":48,"column":18}},"14":{"start":{"line":57,"column":2},"end":{"line":69,"column":6}},"15":{"start":{"line":58,"column":4},"end":{"line":68,"column":5}},"16":{"start":{"line":59,"column":23},"end":{"line":59,"column":50}},"17":{"start":{"line":62,"column":19},"end":{"line":62,"column":51}},"18":{"start":{"line":64,"column":21},"end":{"line":64,"column":68}},"19":{"start":{"line":65,"column":6},"end":{"line":65,"column":35}},"20":{"start":{"line":67,"column":6},"end":{"line":67,"column":18}},"21":{"start":{"line":76,"column":2},"end":{"line":91,"column":6}},"22":{"start":{"line":77,"column":4},"end":{"line":90,"column":5}},"23":{"start":{"line":78,"column":23},"end":{"line":78,"column":50}},"24":{"start":{"line":81,"column":21},"end":{"line":81,"column":62}},"25":{"start":{"line":84,"column":19},"end":{"line":84,"column":51}},"26":{"start":{"line":86,"column":21},"end":{"line":86,"column":72}},"27":{"start":{"line":87,"column":6},"end":{"line":87,"column":23}},"28":{"start":{"line":89,"column":6},"end":{"line":89,"column":18}},"29":{"start":{"line":98,"column":2},"end":{"line":110,"column":6}},"30":{"start":{"line":99,"column":4},"end":{"line":109,"column":5}},"31":{"start":{"line":100,"column":23},"end":{"line":100,"column":50}},"32":{"start":{"line":103,"column":21},"end":{"line":103,"column":62}},"33":{"start":{"line":105,"column":21},"end":{"line":105,"column":74}},"34":{"start":{"line":106,"column":6},"end":{"line":106,"column":23}},"35":{"start":{"line":108,"column":6},"end":{"line":108,"column":18}},"36":{"start":{"line":117,"column":2},"end":{"line":129,"column":6}},"37":{"start":{"line":118,"column":4},"end":{"line":128,"column":5}},"38":{"start":{"line":119,"column":23},"end":{"line":119,"column":50}},"39":{"start":{"line":122,"column":21},"end":{"line":122,"column":62}},"40":{"start":{"line":124,"column":6},"end":{"line":124,"column":52}},"41":{"start":{"line":125,"column":6},"end":{"line":125,"column":29}},"42":{"start":{"line":127,"column":6},"end":{"line":127,"column":18}},"43":{"start":{"line":131,"column":2},"end":{"line":131,"column":16}}},"fnMap":{"0":{"name":"(anonymous_0)","decl":{"start":{"line":18,"column":21},"end":{"line":18,"column":null}},"loc":{"start":{"line":20,"column":5},"end":{"line":22,"column":1}}},"1":{"name":"(anonymous_1)","decl":{"start":{"line":20,"column":5},"end":{"line":20,"column":6}},"loc":{"start":{"line":20,"column":63},"end":{"line":22,"column":1}}},"2":{"name":"createTaskRoutes","decl":{"start":{"line":27,"column":16},"end":{"line":27,"column":32}},"loc":{"start":{"line":27,"column":58},"end":{"line":132,"column":1}}},"3":{"name":"(anonymous_3)","decl":{"start":{"line":35,"column":31},"end":{"line":35,"column":36}},"loc":{"start":{"line":35,"column":89},"end":{"line":50,"column":3}}},"4":{"name":"(anonymous_4)","decl":{"start":{"line":57,"column":32},"end":{"line":57,"column":37}},"loc":{"start":{"line":57,"column":90},"end":{"line":69,"column":3}}},"5":{"name":"(anonymous_5)","decl":{"start":{"line":76,"column":34},"end":{"line":76,"column":39}},"loc":{"start":{"line":76,"column":92},"end":{"line":91,"column":3}}},"6":{"name":"(anonymous_6)","decl":{"start":{"line":98,"column":43},"end":{"line":98,"column":48}},"loc":{"start":{"line":98,"column":101},"end":{"line":110,"column":3}}},"7":{"name":"(anonymous_7)","decl":{"start":{"line":117,"column":37},"end":{"line":117,"column":42}},"loc":{"start":{"line":117,"column":95},"end":{"line":129,"column":3}}}},"branchMap":{},"s":{"0":2,"1":2,"2":2,"3":2,"4":50,"5":9,"6":10,"7":10,"8":2,"9":2,"10":2,"11":2,"12":2,"13":0,"14":10,"15":2,"16":2,"17":2,"18":1,"19":1,"20":1,"21":10,"22":2,"23":2,"24":2,"25":1,"26":1,"27":1,"28":1,"29":10,"30":1,"31":1,"32":1,"33":1,"34":1,"35":0,"36":10,"37":2,"38":2,"39":2,"40":2,"41":1,"42":1,"43":10},"f":{"0":50,"1":9,"2":10,"3":2,"4":2,"5":2,"6":1,"7":2},"b":{}}
,"/home/danimerida2000/Documents/Mérida Consulting/agents/example2/src/services/index.ts": {"path":"/home/danimerida2000/Documents/Mérida Consulting/agents/example2/src/services/index.ts","statementMap":{"0":{"start":{"line":1,"column":0},"end":{"line":1,"column":31}}},"fnMap":{},"branchMap":{},"s":{"0":4},"f":{},"b":{}}
,"/home/danimerida2000/Documents/Mérida Consulting/agents/example2/src/services/task.service.ts": {"path":"/home/danimerida2000/Documents/Mérida Consulting/agents/example2/src/services/task.service.ts","statementMap":{"0":{"start":{"line":8,"column":0},"end":{"line":8,"column":null}},"1":{"start":{"line":18,"column":0},"end":{"line":18,"column":34}},"2":{"start":{"line":36,"column":2},"end":{"line":45,"column":4}},"3":{"start":{"line":52,"column":31},"end":{"line":52,"column":62}},"4":{"start":{"line":59,"column":22},"end":{"line":59,"column":32}},"5":{"start":{"line":61,"column":18},"end":{"line":61,"column":73}},"6":{"start":{"line":62,"column":18},"end":{"line":62,"column":30}},"7":{"start":{"line":64,"column":21},"end":{"line":64,"column":43}},"8":{"start":{"line":65,"column":4},"end":{"line":65,"column":58}},"9":{"start":{"line":67,"column":4},"end":{"line":70,"column":6}},"10":{"start":{"line":78,"column":22},"end":{"line":78,"column":32}},"11":{"start":{"line":80,"column":17},"end":{"line":80,"column":63}},"12":{"start":{"line":82,"column":21},"end":{"line":82,"column":43}},"13":{"start":{"line":83,"column":4},"end":{"line":83,"column":71}},"14":{"start":{"line":85,"column":4},"end":{"line":85,"column":35}},"15":{"start":{"line":93,"column":22},"end":{"line":93,"column":32}},"16":{"start":{"line":96,"column":21},"end":{"line":96,"column":71}},"17":{"start":{"line":97,"column":4},"end":{"line":99,"column":5}},"18":{"start":{"line":98,"column":6},"end":{"line":98,"column":48}},"19":{"start":{"line":101,"column":17},"end":{"line":101,"column":71}},"20":{"start":{"line":103,"column":21},"end":{"line":103,"column":43}},"21":{"start":{"line":104,"column":4},"end":{"line":104,"column":62}},"22":{"start":{"line":106,"column":4},"end":{"line":106,"column":35}},"23":{"start":{"line":114,"column":22},"end":{"line":114,"column":32}},"24":{"start":{"line":117,"column":21},"end":{"line":117,"column":71}},"25":{"start":{"line":118,"column":4},"end":{"line":120,"column":5}},"26":{"start":{"line":119,"column":6},"end":{"line":119,"column":48}},"27":{"start":{"line":122,"column":4},"end":{"line":122,"column":53}},"28":{"start":{"line":124,"column":21},"end":{"line":124,"column":43}},"29":{"start":{"line":125,"column":4},"end":{"line":125,"column":62}},"30":{"start":{"line":133,"column":22},"end":{"line":133,"column":32}},"31":{"start":{"line":136,"column":21},"end":{"line":136,"column":71}},"32":{"start":{"line":137,"column":4},"end":{"line":139,"column":5}},"33":{"start":{"line":138,"column":6},"end":{"line":138,"column":48}},"34":{"start":{"line":141,"column":17},"end":{"line":141,"column":73}},"35":{"start":{"line":143,"column":21},"end":{"line":143,"column":43}},"36":{"start":{"line":144,"column":4},"end":{"line":144,"column":64}},"37":{"start":{"line":146,"column":4},"end":{"line":150,"column":6}},"38":{"start":{"line":51,"column":0},"end":{"line":51,"column":13}}},"fnMap":{"0":{"name":"mapTaskToResponse","decl":{"start":{"line":35,"column":9},"end":{"line":35,"column":26}},"loc":{"start":{"line":35,"column":37},"end":{"line":46,"column":1}}},"1":{"name":"(anonymous_1)","decl":{"start":{"line":52,"column":2},"end":{"line":52,"column":31}},"loc":{"start":{"line":52,"column":62},"end":{"line":52,"column":66}}},"2":{"name":"(anonymous_2)","decl":{"start":{"line":58,"column":2},"end":{"line":58,"column":7}},"loc":{"start":{"line":58,"column":54},"end":{"line":71,"column":3}}},"3":{"name":"(anonymous_3)","decl":{"start":{"line":77,"column":2},"end":{"line":77,"column":7}},"loc":{"start":{"line":77,"column":54},"end":{"line":86,"column":3}}},"4":{"name":"(anonymous_4)","decl":{"start":{"line":92,"column":2},"end":{"line":92,"column":7}},"loc":{"start":{"line":92,"column":70},"end":{"line":107,"column":3}}},"5":{"name":"(anonymous_5)","decl":{"start":{"line":113,"column":2},"end":{"line":113,"column":7}},"loc":{"start":{"line":113,"column":49},"end":{"line":126,"column":3}}},"6":{"name":"(anonymous_6)","decl":{"start":{"line":132,"column":2},"end":{"line":132,"column":7}},"loc":{"start":{"line":132,"column":57},"end":{"line":151,"column":3}}}},"branchMap":{"0":{"loc":{"start":{"line":40,"column":13},"end":{"line":40,"column":61}},"type":"cond-expr","locations":[{"start":{"line":40,"column":28},"end":{"line":40,"column":54}},{"start":{"line":40,"column":57},"end":{"line":40,"column":61}}]},"1":{"loc":{"start":{"line":97,"column":4},"end":{"line":99,"column":5}},"type":"if","locations":[{"start":{"line":97,"column":4},"end":{"line":99,"column":5}}]},"2":{"loc":{"start":{"line":118,"column":4},"end":{"line":120,"column":5}},"type":"if","locations":[{"start":{"line":118,"column":4},"end":{"line":120,"column":5}}]},"3":{"loc":{"start":{"line":137,"column":4},"end":{"line":139,"column":5}},"type":"if","locations":[{"start":{"line":137,"column":4},"end":{"line":139,"column":5}}]}},"s":{"0":4,"1":4,"2":486,"3":43,"4":123,"5":123,"6":123,"7":123,"8":123,"9":123,"10":116,"11":116,"12":116,"13":116,"14":116,"15":6,"16":6,"17":6,"18":5,"19":1,"20":1,"21":1,"22":1,"23":3,"24":3,"25":3,"26":2,"27":1,"28":1,"29":1,"30":6,"31":6,"32":6,"33":2,"34":4,"35":4,"36":4,"37":4,"38":4},"f":{"0":486,"1":43,"2":123,"3":116,"4":6,"5":3,"6":6},"b":{"0":[467,19],"1":[5],"2":[2],"3":[2]}}
,"/home/danimerida2000/Documents/Mérida Consulting/agents/example2/src/types/error.types.ts": {"path":"/home/danimerida2000/Documents/Mérida Consulting/agents/example2/src/types/error.types.ts","statementMap":{"0":{"start":{"line":19,"column":0},"end":{"line":19,"column":null}},"1":{"start":{"line":20,"column":2},"end":{"line":20,"column":null}},"2":{"start":{"line":21,"column":2},"end":{"line":21,"column":null}},"3":{"start":{"line":22,"column":2},"end":{"line":22,"column":null}},"4":{"start":{"line":23,"column":2},"end":{"line":23,"column":null}},"5":{"start":{"line":24,"column":2},"end":{"line":24,"column":null}},"6":{"start":{"line":36,"column":4},"end":{"line":36,"column":19}},"7":{"start":{"line":37,"column":4},"end":{"line":37,"column":21}},"8":{"start":{"line":38,"column":4},"end":{"line":38,"column":33}},"9":{"start":{"line":39,"column":4},"end":{"line":39,"column":25}},"10":{"start":{"line":40,"column":4},"end":{"line":40,"column":27}},"11":{"start":{"line":41,"column":4},"end":{"line":41,"column":52}},"12":{"start":{"line":45,"column":4},"end":{"line":45,"column":72}},"13":{"start":{"line":49,"column":4},"end":{"line":49,"column":66}},"14":{"start":{"line":53,"column":4},"end":{"line":53,"column":63}},"15":{"start":{"line":57,"column":4},"end":{"line":57,"column":63}},"16":{"start":{"line":61,"column":4},"end":{"line":61,"column":70}},"17":{"start":{"line":30,"column":0},"end":{"line":30,"column":13}}},"fnMap":{"0":{"name":"(anonymous_0)","decl":{"start":{"line":19,"column":0},"end":{"line":19,"column":12}},"loc":{"start":{"line":19,"column":21},"end":{"line":25,"column":1}}},"1":{"name":"(anonymous_1)","decl":{"start":{"line":35,"column":2},"end":{"line":35,"column":14}},"loc":{"start":{"line":35,"column":83},"end":{"line":42,"column":3}}},"2":{"name":"(anonymous_2)","decl":{"start":{"line":44,"column":2},"end":{"line":44,"column":8}},"loc":{"start":{"line":44,"column":52},"end":{"line":46,"column":3}}},"3":{"name":"(anonymous_3)","decl":{"start":{"line":48,"column":2},"end":{"line":48,"column":8}},"loc":{"start":{"line":48,"column":65},"end":{"line":50,"column":3}}},"4":{"name":"(anonymous_4)","decl":{"start":{"line":52,"column":2},"end":{"line":52,"column":8}},"loc":{"start":{"line":52,"column":52},"end":{"line":54,"column":3}}},"5":{"name":"(anonymous_5)","decl":{"start":{"line":56,"column":2},"end":{"line":56,"column":8}},"loc":{"start":{"line":56,"column":56},"end":{"line":58,"column":3}}},"6":{"name":"(anonymous_6)","decl":{"start":{"line":60,"column":2},"end":{"line":60,"column":8}},"loc":{"start":{"line":60,"column":76},"end":{"line":62,"column":3}}}},"branchMap":{"0":{"loc":{"start":{"line":19,"column":12},"end":{"line":19,"column":null}},"type":"binary-expr","locations":[{"start":{"line":19,"column":12},"end":{"line":19,"column":21}},{"start":{"line":19,"column":21},"end":{"line":19,"column":null}}]},"1":{"loc":{"start":{"line":48,"column":22},"end":{"line":48,"column":65}},"type":"default-arg","locations":[{"start":{"line":48,"column":40},"end":{"line":48,"column":65}}]},"2":{"loc":{"start":{"line":52,"column":19},"end":{"line":52,"column":52}},"type":"default-arg","locations":[{"start":{"line":52,"column":37},"end":{"line":52,"column":52}}]},"3":{"loc":{"start":{"line":56,"column":18},"end":{"line":56,"column":56}},"type":"default-arg","locations":[{"start":{"line":56,"column":36},"end":{"line":56,"column":56}}]},"4":{"loc":{"start":{"line":60,"column":18},"end":{"line":60,"column":59}},"type":"default-arg","locations":[{"start":{"line":60,"column":36},"end":{"line":60,"column":59}}]}},"s":{"0":8,"1":8,"2":8,"3":8,"4":8,"5":8,"6":17,"7":17,"8":17,"9":17,"10":17,"11":17,"12":1,"13":1,"14":2,"15":12,"16":1,"17":8},"f":{"0":8,"1":17,"2":1,"3":1,"4":2,"5":12,"6":1},"b":{"0":[8,8],"1":[0],"2":[0],"3":[0],"4":[0]}}
,"/home/danimerida2000/Documents/Mérida Consulting/agents/example2/src/types/index.ts": {"path":"/home/danimerida2000/Documents/Mérida Consulting/agents/example2/src/types/index.ts","statementMap":{"0":{"start":{"line":4,"column":0},"end":{"line":4,"column":29}},"1":{"start":{"line":5,"column":0},"end":{"line":5,"column":30}},"2":{"start":{"line":6,"column":0},"end":{"line":6,"column":29}}},"fnMap":{},"branchMap":{},"s":{"0":8,"1":8,"2":8},"f":{},"b":{}}
,"/home/danimerida2000/Documents/Mérida Consulting/agents/example2/src/types/task.types.ts": {"path":"/home/danimerida2000/Documents/Mérida Consulting/agents/example2/src/types/task.types.ts","statementMap":{"0":{"start":{"line":9,"column":0},"end":{"line":9,"column":null}},"1":{"start":{"line":10,"column":2},"end":{"line":10,"column":null}},"2":{"start":{"line":11,"column":2},"end":{"line":11,"column":null}},"3":{"start":{"line":12,"column":2},"end":{"line":12,"column":null}}},"fnMap":{"0":{"name":"(anonymous_0)","decl":{"start":{"line":9,"column":0},"end":{"line":9,"column":12}},"loc":{"start":{"line":9,"column":20},"end":{"line":13,"column":1}}}},"branchMap":{"0":{"loc":{"start":{"line":9,"column":12},"end":{"line":9,"column":null}},"type":"binary-expr","locations":[{"start":{"line":9,"column":12},"end":{"line":9,"column":20}},{"start":{"line":9,"column":20},"end":{"line":9,"column":null}}]}},"s":{"0":8,"1":8,"2":8,"3":8},"f":{"0":8},"b":{"0":[8,8]}}
,"/home/danimerida2000/Documents/Mérida Consulting/agents/example2/src/utils/db.ts": {"path":"/home/danimerida2000/Documents/Mérida Consulting/agents/example2/src/utils/db.ts","statementMap":{"0":{"start":{"line":14,"column":0},"end":{"line":14,"column":16}},"1":{"start":{"line":29,"column":0},"end":{"line":29,"column":7}},"2":{"start":{"line":6,"column":0},"end":{"line":6,"column":46}},"3":{"start":{"line":15,"column":2},"end":{"line":21,"column":3}},"4":{"start":{"line":16,"column":4},"end":{"line":20,"column":7}},"5":{"start":{"line":22,"column":2},"end":{"line":22,"column":16}},"6":{"start":{"line":30,"column":2},"end":{"line":32,"column":3}},"7":{"start":{"line":31,"column":4},"end":{"line":31,"column":31}}},"fnMap":{"0":{"name":"getPrismaClient","decl":{"start":{"line":14,"column":16},"end":{"line":14,"column":31}},"loc":{"start":{"line":14,"column":31},"end":{"line":23,"column":1}}},"1":{"name":"disconnectPrisma","decl":{"start":{"line":29,"column":22},"end":{"line":29,"column":38}},"loc":{"start":{"line":29,"column":38},"end":{"line":33,"column":1}}}},"branchMap":{"0":{"loc":{"start":{"line":15,"column":2},"end":{"line":21,"column":3}},"type":"if","locations":[{"start":{"line":15,"column":2},"end":{"line":21,"column":3}}]},"1":{"loc":{"start":{"line":17,"column":11},"end":{"line":19,"column":19}},"type":"cond-expr","locations":[{"start":{"line":18,"column":10},"end":{"line":18,"column":44}},{"start":{"line":19,"column":10},"end":{"line":19,"column":19}}]},"2":{"loc":{"start":{"line":30,"column":2},"end":{"line":32,"column":3}},"type":"if","locations":[{"start":{"line":30,"column":2},"end":{"line":32,"column":3}}]}},"s":{"0":6,"1":6,"2":6,"3":0,"4":0,"5":0,"6":0,"7":0},"f":{"0":0,"1":0},"b":{"0":[0],"1":[0,0],"2":[0]}}
,"/home/danimerida2000/Documents/Mérida Consulting/agents/example2/src/utils/index.ts": {"path":"/home/danimerida2000/Documents/Mérida Consulting/agents/example2/src/utils/index.ts","statementMap":{"0":{"start":{"line":1,"column":0},"end":{"line":1,"column":21}},"1":{"start":{"line":2,"column":0},"end":{"line":2,"column":25}}},"fnMap":{},"branchMap":{},"s":{"0":6,"1":6},"f":{},"b":{}}
,"/home/danimerida2000/Documents/Mérida Consulting/agents/example2/src/utils/logger.ts": {"path":"/home/danimerida2000/Documents/Mérida Consulting/agents/example2/src/utils/logger.ts","statementMap":{"0":{"start":{"line":80,"column":0},"end":{"line":80,"column":16}},"1":{"start":{"line":6,"column":0},"end":{"line":6,"column":36}},"2":{"start":{"line":23,"column":21},"end":{"line":23,"column":35}},"3":{"start":{"line":33,"column":2},"end":{"line":40,"column":4}},"4":{"start":{"line":46,"column":13},"end":{"line":75,"column":2}},"5":{"start":{"line":48,"column":18},"end":{"line":48,"column":53}},"6":{"start":{"line":50,"column":4},"end":{"line":50,"column":39}},"7":{"start":{"line":54,"column":18},"end":{"line":54,"column":53}},"8":{"start":{"line":56,"column":4},"end":{"line":56,"column":40}},"9":{"start":{"line":60,"column":18},"end":{"line":63,"column":6}},"10":{"start":{"line":65,"column":4},"end":{"line":65,"column":41}},"11":{"start":{"line":69,"column":4},"end":{"line":73,"column":5}},"12":{"start":{"line":70,"column":20},"end":{"line":70,"column":56}},"13":{"start":{"line":72,"column":6},"end":{"line":72,"column":43}},"14":{"start":{"line":81,"column":2},"end":{"line":81,"column":18}}},"fnMap":{"0":{"name":"createLogEntry","decl":{"start":{"line":28,"column":9},"end":{"line":28,"column":23}},"loc":{"start":{"line":31,"column":30},"end":{"line":41,"column":1}}},"1":{"name":"(anonymous_1)","decl":{"start":{"line":47,"column":2},"end":{"line":47,"column":6}},"loc":{"start":{"line":47,"column":46},"end":{"line":51,"column":3}}},"2":{"name":"(anonymous_2)","decl":{"start":{"line":53,"column":2},"end":{"line":53,"column":6}},"loc":{"start":{"line":53,"column":46},"end":{"line":57,"column":3}}},"3":{"name":"(anonymous_3)","decl":{"start":{"line":59,"column":2},"end":{"line":59,"column":7}},"loc":{"start":{"line":59,"column":62},"end":{"line":66,"column":3}}},"4":{"name":"(anonymous_4)","decl":{"start":{"line":68,"column":2},"end":{"line":68,"column":7}},"loc":{"start":{"line":68,"column":47},"end":{"line":74,"column":3}}},"5":{"name":"generateTraceId","decl":{"start":{"line":80,"column":16},"end":{"line":80,"column":31}},"loc":{"start":{"line":80,"column":31},"end":{"line":82,"column":1}}}},"branchMap":{"0":{"loc":{"start":{"line":31,"column":2},"end":{"line":31,"column":30}},"type":"default-arg","locations":[{"start":{"line":31,"column":28},"end":{"line":31,"column":30}}]},"1":{"loc":{"start":{"line":38,"column":14},"end":{"line":38,"column":39}},"type":"binary-expr","locations":[{"start":{"line":38,"column":14},"end":{"line":38,"column":27}},{"start":{"line":38,"column":31},"end":{"line":38,"column":39}}]},"2":{"loc":{"start":{"line":69,"column":4},"end":{"line":73,"column":5}},"type":"if","locations":[{"start":{"line":69,"column":4},"end":{"line":73,"column":5}}]}},"s":{"0":6,"1":6,"2":6,"3":259,"4":6,"5":245,"6":245,"7":12,"8":12,"9":2,"10":2,"11":1,"12":0,"13":0,"14":8},"f":{"0":259,"1":245,"2":12,"3":2,"4":1,"5":8},"b":{"0":[0],"1":[259,245],"2":[0]}}
,"/home/danimerida2000/Documents/Mérida Consulting/agents/example2/src/validation/index.ts": {"path":"/home/danimerida2000/Documents/Mérida Consulting/agents/example2/src/validation/index.ts","statementMap":{"0":{"start":{"line":1,"column":0},"end":{"line":1,"column":34}}},"fnMap":{},"branchMap":{},"s":{"0":4},"f":{},"b":{}}
,"/home/danimerida2000/Documents/Mérida Consulting/agents/example2/src/validation/task.validation.ts": {"path":"/home/danimerida2000/Documents/Mérida Consulting/agents/example2/src/validation/task.validation.ts","statementMap":{"0":{"start":{"line":6,"column":0},"end":{"line":6,"column":24}},"1":{"start":{"line":7,"column":0},"end":{"line":7,"column":36}},"2":{"start":{"line":13,"column":13},"end":{"line":20,"column":3}},"3":{"start":{"line":26,"column":13},"end":{"line":34,"column":3}},"4":{"start":{"line":40,"column":13},"end":{"line":43,"column":3}},"5":{"start":{"line":48,"column":13},"end":{"line":50,"column":3}}},"fnMap":{},"branchMap":{},"s":{"0":4,"1":4,"2":4,"3":4,"4":4,"5":4},"f":{},"b":{}}
}
