TN:
SF:src/app.ts
FN:16,createApp
FN:24,(anonymous_2)
FN:40,(anonymous_3)
FNF:3
FNH:1
FNDA:1,createApp
FNDA:0,(anonymous_2)
FNDA:0,(anonymous_3)
DA:6,1
DA:8,1
DA:9,1
DA:10,1
DA:11,1
DA:16,1
DA:17,1
DA:20,1
DA:21,1
DA:24,1
DA:25,0
DA:29,1
DA:30,1
DA:31,1
DA:34,1
DA:37,1
DA:40,1
DA:41,0
DA:48,1
LF:19
LH:17
BRF:0
BRH:0
end_of_record
TN:
SF:src/middleware/auth.middleware.ts
FN:16,verifyToken
FN:42,authMiddleware
FNF:2
FNH:2
FNDA:3,verifyToken
FNDA:7,authMiddleware
DA:9,3
DA:19,3
DA:20,1
DA:21,1
DA:25,2
DA:26,2
DA:27,2
DA:28,0
DA:29,0
DA:35,2
DA:42,3
DA:47,7
DA:48,7
DA:50,7
DA:52,7
DA:53,2
DA:54,2
DA:59,2
DA:62,5
DA:63,5
DA:64,2
DA:65,2
DA:70,2
DA:73,3
DA:74,3
DA:76,3
DA:77,2
DA:78,2
DA:83,2
DA:87,1
DA:92,1
DA:93,1
LF:32
LH:30
BRDA:19,0,0,1
BRDA:28,1,0,0
BRDA:28,2,0,0
BRDA:28,2,1,0
BRDA:52,3,0,2
BRDA:63,4,0,2
BRDA:63,5,0,5
BRDA:63,5,1,5
BRDA:76,6,0,2
BRF:9
BRH:6
end_of_record
TN:
SF:src/middleware/error.middleware.ts
FN:14,formatZodError
FN:15,(anonymous_1)
FN:21,errorMiddleware
FNF:3
FNH:3
FNDA:1,formatZodError
FNDA:1,(anonymous_1)
FNDA:8,errorMiddleware
DA:7,4
DA:8,4
DA:9,4
DA:15,1
DA:21,4
DA:27,8
DA:30,8
DA:31,1
DA:37,1
DA:38,1
DA:39,1
DA:43,7
DA:44,5
DA:50,5
DA:51,5
DA:52,5
DA:56,2
DA:57,2
DA:62,2
LF:19
LH:19
BRDA:27,0,0,8
BRDA:27,0,1,1
BRDA:30,1,0,1
BRDA:43,2,0,5
BRF:4
BRH:4
end_of_record
TN:
SF:src/middleware/index.ts
FNF:0
FNH:0
DA:1,3
DA:2,3
LF:2
LH:2
BRF:0
BRH:0
end_of_record
TN:
SF:src/repository/index.ts
FNF:0
FNH:0
DA:1,4
LF:1
LH:1
BRF:0
BRH:0
end_of_record
TN:
SF:src/repository/task.repository.ts
FN:13,mapPrismaTaskToDomain
FN:45,(anonymous_1)
FN:51,(anonymous_2)
FN:89,(anonymous_3)
FN:99,(anonymous_4)
FN:114,(anonymous_5)
FN:135,(anonymous_6)
FN:169,(anonymous_7)
FN:185,(anonymous_8)
FN:205,(anonymous_9)
FN:214,(anonymous_10)
FNF:11
FNH:11
FNDA:606,mapPrismaTaskToDomain
FNDA:49,(anonymous_1)
FNDA:128,(anonymous_2)
FNDA:4,(anonymous_3)
FNDA:23,(anonymous_4)
FNDA:117,(anonymous_5)
FNDA:4,(anonymous_6)
FNDA:3,(anonymous_7)
FNDA:6,(anonymous_8)
FNDA:1,(anonymous_9)
FNDA:118,(anonymous_10)
DA:8,4
DA:14,606
DA:44,4
DA:45,49
DA:52,128
DA:55,128
DA:56,3
DA:57,125
DA:58,1
DA:62,128
DA:64,128
DA:65,2
DA:66,126
DA:69,1
DA:71,125
DA:74,128
DA:80,128
DA:83,128
DA:84,1
DA:89,4
DA:92,128
DA:100,23
DA:107,23
DA:115,117
DA:117,117
DA:128,117
DA:137,4
DA:138,4
DA:139,2
DA:142,2
DA:144,2
DA:145,2
DA:147,2
DA:148,1
DA:150,2
DA:151,0
DA:153,2
DA:154,1
DA:157,2
DA:162,2
DA:171,3
DA:172,3
DA:173,2
DA:176,1
DA:187,6
DA:188,6
DA:189,2
DA:192,4
DA:199,4
DA:206,1
DA:215,118
DA:220,118
LF:52
LH:51
BRDA:55,0,0,3
BRDA:55,0,1,125
BRDA:57,1,0,1
BRDA:64,2,0,2
BRDA:64,2,1,126
BRDA:66,3,0,1
BRDA:66,3,1,125
BRDA:83,4,0,1
BRDA:107,5,0,10
BRDA:107,5,1,13
BRDA:115,6,0,117
BRDA:115,6,1,105
BRDA:121,7,0,117
BRDA:121,7,1,115
BRDA:122,8,0,1
BRDA:122,8,1,116
BRDA:138,9,0,2
BRDA:144,10,0,2
BRDA:147,11,0,1
BRDA:150,12,0,0
BRDA:151,13,0,0
BRDA:151,13,1,0
BRDA:153,14,0,1
BRDA:172,15,0,2
BRDA:188,16,0,2
BRF:25
BRH:22
end_of_record
TN:
SF:src/routes/index.ts
FNF:0
FNH:0
DA:1,2
LF:1
LH:1
BRF:0
BRH:0
end_of_record
TN:
SF:src/routes/task.routes.ts
FN:18,(anonymous_0)
FN:20,(anonymous_1)
FN:27,createTaskRoutes
FN:35,(anonymous_3)
FN:57,(anonymous_4)
FN:76,(anonymous_5)
FN:98,(anonymous_6)
FN:117,(anonymous_7)
FNF:8
FNH:8
FNDA:50,(anonymous_0)
FNDA:9,(anonymous_1)
FNDA:10,createTaskRoutes
FNDA:2,(anonymous_3)
FNDA:2,(anonymous_4)
FNDA:2,(anonymous_5)
FNDA:1,(anonymous_6)
FNDA:2,(anonymous_7)
DA:7,2
DA:10,2
DA:18,2
DA:20,50
DA:21,9
DA:27,2
DA:28,10
DA:35,10
DA:36,2
DA:37,2
DA:40,2
DA:45,2
DA:46,2
DA:48,0
DA:57,10
DA:58,2
DA:59,2
DA:62,2
DA:64,1
DA:65,1
DA:67,1
DA:76,10
DA:77,2
DA:78,2
DA:81,2
DA:84,1
DA:86,1
DA:87,1
DA:89,1
DA:98,10
DA:99,1
DA:100,1
DA:103,1
DA:105,1
DA:106,1
DA:108,0
DA:117,10
DA:118,2
DA:119,2
DA:122,2
DA:124,2
DA:125,1
DA:127,1
DA:131,10
LF:44
LH:42
BRF:0
BRH:0
end_of_record
TN:
SF:src/services/index.ts
FNF:0
FNH:0
DA:1,4
LF:1
LH:1
BRF:0
BRH:0
end_of_record
TN:
SF:src/services/task.service.ts
FN:35,mapTaskToResponse
FN:52,(anonymous_1)
FN:58,(anonymous_2)
FN:77,(anonymous_3)
FN:92,(anonymous_4)
FN:113,(anonymous_5)
FN:132,(anonymous_6)
FNF:7
FNH:7
FNDA:486,mapTaskToResponse
FNDA:43,(anonymous_1)
FNDA:123,(anonymous_2)
FNDA:116,(anonymous_3)
FNDA:6,(anonymous_4)
FNDA:3,(anonymous_5)
FNDA:6,(anonymous_6)
DA:8,4
DA:18,4
DA:36,486
DA:51,4
DA:52,43
DA:59,123
DA:61,123
DA:62,123
DA:64,123
DA:65,123
DA:67,123
DA:78,116
DA:80,116
DA:82,116
DA:83,116
DA:85,116
DA:93,6
DA:96,6
DA:97,6
DA:98,5
DA:101,1
DA:103,1
DA:104,1
DA:106,1
DA:114,3
DA:117,3
DA:118,3
DA:119,2
DA:122,1
DA:124,1
DA:125,1
DA:133,6
DA:136,6
DA:137,6
DA:138,2
DA:141,4
DA:143,4
DA:144,4
DA:146,4
LF:39
LH:39
BRDA:40,0,0,467
BRDA:40,0,1,19
BRDA:97,1,0,5
BRDA:118,2,0,2
BRDA:137,3,0,2
BRF:5
BRH:5
end_of_record
TN:
SF:src/types/error.types.ts
FN:19,(anonymous_0)
FN:35,(anonymous_1)
FN:44,(anonymous_2)
FN:48,(anonymous_3)
FN:52,(anonymous_4)
FN:56,(anonymous_5)
FN:60,(anonymous_6)
FNF:7
FNH:7
FNDA:8,(anonymous_0)
FNDA:17,(anonymous_1)
FNDA:1,(anonymous_2)
FNDA:1,(anonymous_3)
FNDA:2,(anonymous_4)
FNDA:12,(anonymous_5)
FNDA:1,(anonymous_6)
DA:19,8
DA:20,8
DA:21,8
DA:22,8
DA:23,8
DA:24,8
DA:30,8
DA:36,17
DA:37,17
DA:38,17
DA:39,17
DA:40,17
DA:41,17
DA:45,1
DA:49,1
DA:53,2
DA:57,12
DA:61,1
LF:18
LH:18
BRDA:19,0,0,8
BRDA:19,0,1,8
BRDA:48,1,0,0
BRDA:52,2,0,0
BRDA:56,3,0,0
BRDA:60,4,0,0
BRF:6
BRH:2
end_of_record
TN:
SF:src/types/index.ts
FNF:0
FNH:0
DA:4,8
DA:5,8
DA:6,8
LF:3
LH:3
BRF:0
BRH:0
end_of_record
TN:
SF:src/types/task.types.ts
FN:9,(anonymous_0)
FNF:1
FNH:1
FNDA:8,(anonymous_0)
DA:9,8
DA:10,8
DA:11,8
DA:12,8
LF:4
LH:4
BRDA:9,0,0,8
BRDA:9,0,1,8
BRF:2
BRH:2
end_of_record
TN:
SF:src/utils/db.ts
FN:14,getPrismaClient
FN:29,disconnectPrisma
FNF:2
FNH:0
FNDA:0,getPrismaClient
FNDA:0,disconnectPrisma
DA:6,6
DA:14,6
DA:15,0
DA:16,0
DA:22,0
DA:29,6
DA:30,0
DA:31,0
LF:8
LH:3
BRDA:15,0,0,0
BRDA:17,1,0,0
BRDA:17,1,1,0
BRDA:30,2,0,0
BRF:4
BRH:0
end_of_record
TN:
SF:src/utils/index.ts
FNF:0
FNH:0
DA:1,6
DA:2,6
LF:2
LH:2
BRF:0
BRH:0
end_of_record
TN:
SF:src/utils/logger.ts
FN:28,createLogEntry
FN:47,(anonymous_1)
FN:53,(anonymous_2)
FN:59,(anonymous_3)
FN:68,(anonymous_4)
FN:80,generateTraceId
FNF:6
FNH:6
FNDA:259,createLogEntry
FNDA:245,(anonymous_1)
FNDA:12,(anonymous_2)
FNDA:2,(anonymous_3)
FNDA:1,(anonymous_4)
FNDA:8,generateTraceId
DA:6,6
DA:23,6
DA:33,259
DA:46,6
DA:48,245
DA:50,245
DA:54,12
DA:56,12
DA:60,2
DA:65,2
DA:69,1
DA:70,0
DA:72,0
DA:80,6
DA:81,8
LF:15
LH:13
BRDA:31,0,0,0
BRDA:38,1,0,259
BRDA:38,1,1,245
BRDA:69,2,0,0
BRF:4
BRH:2
end_of_record
TN:
SF:src/validation/index.ts
FNF:0
FNH:0
DA:1,4
LF:1
LH:1
BRF:0
BRH:0
end_of_record
TN:
SF:src/validation/task.validation.ts
FNF:0
FNH:0
DA:6,4
DA:7,4
DA:13,4
DA:26,4
DA:40,4
DA:48,4
LF:6
LH:6
BRF:0
BRH:0
end_of_record
